  Connection.cpp
C:\Users\ahmoh\OneDrive - Egyptian Ministry of Education\الكلية\3\2\task\C++\Final Project\Ehsan\Ehsan\Connection.h(55,54): warning C4566: character represented by universal-character-name '\u062A' cannot be represented in the current code page (1252)
  (compiling source file 'Connection.cpp')
  
C:\Users\ahmoh\OneDrive - Egyptian Ministry of Education\الكلية\3\2\task\C++\Final Project\Ehsan\Ehsan\Connection.h(55,54): warning C4566: character represented by universal-character-name '\u0645' cannot be represented in the current code page (1252)
  (compiling source file 'Connection.cpp')
  
C:\Users\ahmoh\OneDrive - Egyptian Ministry of Education\الكلية\3\2\task\C++\Final Project\Ehsan\Ehsan\Connection.h(55,54): warning C4566: character represented by universal-character-name '\u0627' cannot be represented in the current code page (1252)
  (compiling source file 'Connection.cpp')
  
C:\Users\ahmoh\OneDrive - Egyptian Ministry of Education\الكلية\3\2\task\C++\Final Project\Ehsan\Ehsan\Connection.h(55,54): warning C4566: character represented by universal-character-name '\u0644' cannot be represented in the current code page (1252)
  (compiling source file 'Connection.cpp')
  
C:\Users\ahmoh\OneDrive - Egyptian Ministry of Education\الكلية\3\2\task\C++\Final Project\Ehsan\Ehsan\Connection.h(55,54): warning C4566: character represented by universal-character-name '\u0639' cannot be represented in the current code page (1252)
  (compiling source file 'Connection.cpp')
  
C:\Users\ahmoh\OneDrive - Egyptian Ministry of Education\الكلية\3\2\task\C++\Final Project\Ehsan\Ehsan\Connection.h(55,54): warning C4566: character represented by universal-character-name '\u0628' cannot be represented in the current code page (1252)
  (compiling source file 'Connection.cpp')
  
C:\Users\ahmoh\OneDrive - Egyptian Ministry of Education\الكلية\3\2\task\C++\Final Project\Ehsan\Ehsan\Connection.h(55,54): warning C4566: character represented by universal-character-name '\u0646' cannot be represented in the current code page (1252)
  (compiling source file 'Connection.cpp')
  
C:\Users\ahmoh\OneDrive - Egyptian Ministry of Education\الكلية\3\2\task\C++\Final Project\Ehsan\Ehsan\Connection.h(55,54): warning C4566: character represented by universal-character-name '\u062C' cannot be represented in the current code page (1252)
  (compiling source file 'Connection.cpp')
  
C:\Users\ahmoh\OneDrive - Egyptian Ministry of Education\الكلية\3\2\task\C++\Final Project\Ehsan\Ehsan\Connection.h(55,54): warning C4566: character represented by universal-character-name '\u062E' cannot be represented in the current code page (1252)
  (compiling source file 'Connection.cpp')
  
C:\Users\ahmoh\OneDrive - Egyptian Ministry of Education\الكلية\3\2\task\C++\Final Project\Ehsan\Ehsan\Connection.h(58,54): warning C4566: character represented by universal-character-name '\u062D' cannot be represented in the current code page (1252)
  (compiling source file 'Connection.cpp')
  
C:\Users\ahmoh\OneDrive - Egyptian Ministry of Education\الكلية\3\2\task\C++\Final Project\Ehsan\Ehsan\Connection.h(58,54): warning C4566: character represented by universal-character-name '\u062F' cannot be represented in the current code page (1252)
  (compiling source file 'Connection.cpp')
  
C:\Users\ahmoh\OneDrive - Egyptian Ministry of Education\الكلية\3\2\task\C++\Final Project\Ehsan\Ehsan\Connection.h(58,54): warning C4566: character represented by universal-character-name '\u062B' cannot be represented in the current code page (1252)
  (compiling source file 'Connection.cpp')
  
C:\Users\ahmoh\OneDrive - Egyptian Ministry of Education\الكلية\3\2\task\C++\Final Project\Ehsan\Ehsan\Connection.h(58,54): warning C4566: character represented by universal-character-name '\u062E' cannot be represented in the current code page (1252)
  (compiling source file 'Connection.cpp')
  
C:\Users\ahmoh\OneDrive - Egyptian Ministry of Education\الكلية\3\2\task\C++\Final Project\Ehsan\Ehsan\Connection.h(58,54): warning C4566: character represented by universal-character-name '\u0637' cannot be represented in the current code page (1252)
  (compiling source file 'Connection.cpp')
  
C:\Users\ahmoh\OneDrive - Egyptian Ministry of Education\الكلية\3\2\task\C++\Final Project\Ehsan\Ehsan\Connection.h(58,54): warning C4566: character represented by universal-character-name '\u0627' cannot be represented in the current code page (1252)
  (compiling source file 'Connection.cpp')
  
C:\Users\ahmoh\OneDrive - Egyptian Ministry of Education\الكلية\3\2\task\C++\Final Project\Ehsan\Ehsan\Connection.h(58,54): warning C4566: character represented by universal-character-name '\u0621' cannot be represented in the current code page (1252)
  (compiling source file 'Connection.cpp')
  
C:\Users\ahmoh\OneDrive - Egyptian Ministry of Education\الكلية\3\2\task\C++\Final Project\Ehsan\Ehsan\Connection.h(58,54): warning C4566: character represented by universal-character-name '\u0646' cannot be represented in the current code page (1252)
  (compiling source file 'Connection.cpp')
  
C:\Users\ahmoh\OneDrive - Egyptian Ministry of Education\الكلية\3\2\task\C++\Final Project\Ehsan\Ehsan\Connection.h(58,54): warning C4566: character represented by universal-character-name '\u0644' cannot be represented in the current code page (1252)
  (compiling source file 'Connection.cpp')
  
C:\Users\ahmoh\OneDrive - Egyptian Ministry of Education\الكلية\3\2\task\C++\Final Project\Ehsan\Ehsan\Connection.h(58,54): warning C4566: character represented by universal-character-name '\u0636' cannot be represented in the current code page (1252)
  (compiling source file 'Connection.cpp')
  
C:\Users\ahmoh\OneDrive - Egyptian Ministry of Education\الكلية\3\2\task\C++\Final Project\Ehsan\Ehsan\Connection.h(58,54): warning C4566: character represented by universal-character-name '\u0641' cannot be represented in the current code page (1252)
  (compiling source file 'Connection.cpp')
  
C:\Users\ahmoh\OneDrive - Egyptian Ministry of Education\الكلية\3\2\task\C++\Final Project\Ehsan\Ehsan\Connection.h(58,54): warning C4566: character represented by universal-character-name '\u0629' cannot be represented in the current code page (1252)
  (compiling source file 'Connection.cpp')
  
  Main.cpp
C:\Users\ahmoh\OneDrive - Egyptian Ministry of Education\الكلية\3\2\task\C++\Final Project\Ehsan\Ehsan\Connection.h(55,54): warning C4566: character represented by universal-character-name '\u062A' cannot be represented in the current code page (1252)
  (compiling source file 'Main.cpp')
  
C:\Users\ahmoh\OneDrive - Egyptian Ministry of Education\الكلية\3\2\task\C++\Final Project\Ehsan\Ehsan\Connection.h(55,54): warning C4566: character represented by universal-character-name '\u0645' cannot be represented in the current code page (1252)
  (compiling source file 'Main.cpp')
  
C:\Users\ahmoh\OneDrive - Egyptian Ministry of Education\الكلية\3\2\task\C++\Final Project\Ehsan\Ehsan\Connection.h(55,54): warning C4566: character represented by universal-character-name '\u0627' cannot be represented in the current code page (1252)
  (compiling source file 'Main.cpp')
  
C:\Users\ahmoh\OneDrive - Egyptian Ministry of Education\الكلية\3\2\task\C++\Final Project\Ehsan\Ehsan\Connection.h(55,54): warning C4566: character represented by universal-character-name '\u0644' cannot be represented in the current code page (1252)
  (compiling source file 'Main.cpp')
  
C:\Users\ahmoh\OneDrive - Egyptian Ministry of Education\الكلية\3\2\task\C++\Final Project\Ehsan\Ehsan\Connection.h(55,54): warning C4566: character represented by universal-character-name '\u0639' cannot be represented in the current code page (1252)
  (compiling source file 'Main.cpp')
  
C:\Users\ahmoh\OneDrive - Egyptian Ministry of Education\الكلية\3\2\task\C++\Final Project\Ehsan\Ehsan\Connection.h(55,54): warning C4566: character represented by universal-character-name '\u0628' cannot be represented in the current code page (1252)
  (compiling source file 'Main.cpp')
  
C:\Users\ahmoh\OneDrive - Egyptian Ministry of Education\الكلية\3\2\task\C++\Final Project\Ehsan\Ehsan\Connection.h(55,54): warning C4566: character represented by universal-character-name '\u0646' cannot be represented in the current code page (1252)
  (compiling source file 'Main.cpp')
  
C:\Users\ahmoh\OneDrive - Egyptian Ministry of Education\الكلية\3\2\task\C++\Final Project\Ehsan\Ehsan\Connection.h(55,54): warning C4566: character represented by universal-character-name '\u062C' cannot be represented in the current code page (1252)
  (compiling source file 'Main.cpp')
  
C:\Users\ahmoh\OneDrive - Egyptian Ministry of Education\الكلية\3\2\task\C++\Final Project\Ehsan\Ehsan\Connection.h(55,54): warning C4566: character represented by universal-character-name '\u062E' cannot be represented in the current code page (1252)
  (compiling source file 'Main.cpp')
  
C:\Users\ahmoh\OneDrive - Egyptian Ministry of Education\الكلية\3\2\task\C++\Final Project\Ehsan\Ehsan\Connection.h(58,54): warning C4566: character represented by universal-character-name '\u062D' cannot be represented in the current code page (1252)
  (compiling source file 'Main.cpp')
  
C:\Users\ahmoh\OneDrive - Egyptian Ministry of Education\الكلية\3\2\task\C++\Final Project\Ehsan\Ehsan\Connection.h(58,54): warning C4566: character represented by universal-character-name '\u062F' cannot be represented in the current code page (1252)
  (compiling source file 'Main.cpp')
  
C:\Users\ahmoh\OneDrive - Egyptian Ministry of Education\الكلية\3\2\task\C++\Final Project\Ehsan\Ehsan\Connection.h(58,54): warning C4566: character represented by universal-character-name '\u062B' cannot be represented in the current code page (1252)
  (compiling source file 'Main.cpp')
  
C:\Users\ahmoh\OneDrive - Egyptian Ministry of Education\الكلية\3\2\task\C++\Final Project\Ehsan\Ehsan\Connection.h(58,54): warning C4566: character represented by universal-character-name '\u062E' cannot be represented in the current code page (1252)
  (compiling source file 'Main.cpp')
  
C:\Users\ahmoh\OneDrive - Egyptian Ministry of Education\الكلية\3\2\task\C++\Final Project\Ehsan\Ehsan\Connection.h(58,54): warning C4566: character represented by universal-character-name '\u0637' cannot be represented in the current code page (1252)
  (compiling source file 'Main.cpp')
  
C:\Users\ahmoh\OneDrive - Egyptian Ministry of Education\الكلية\3\2\task\C++\Final Project\Ehsan\Ehsan\Connection.h(58,54): warning C4566: character represented by universal-character-name '\u0627' cannot be represented in the current code page (1252)
  (compiling source file 'Main.cpp')
  
C:\Users\ahmoh\OneDrive - Egyptian Ministry of Education\الكلية\3\2\task\C++\Final Project\Ehsan\Ehsan\Connection.h(58,54): warning C4566: character represented by universal-character-name '\u0621' cannot be represented in the current code page (1252)
  (compiling source file 'Main.cpp')
  
C:\Users\ahmoh\OneDrive - Egyptian Ministry of Education\الكلية\3\2\task\C++\Final Project\Ehsan\Ehsan\Connection.h(58,54): warning C4566: character represented by universal-character-name '\u0646' cannot be represented in the current code page (1252)
  (compiling source file 'Main.cpp')
  
C:\Users\ahmoh\OneDrive - Egyptian Ministry of Education\الكلية\3\2\task\C++\Final Project\Ehsan\Ehsan\Connection.h(58,54): warning C4566: character represented by universal-character-name '\u0644' cannot be represented in the current code page (1252)
  (compiling source file 'Main.cpp')
  
C:\Users\ahmoh\OneDrive - Egyptian Ministry of Education\الكلية\3\2\task\C++\Final Project\Ehsan\Ehsan\Connection.h(58,54): warning C4566: character represented by universal-character-name '\u0636' cannot be represented in the current code page (1252)
  (compiling source file 'Main.cpp')
  
C:\Users\ahmoh\OneDrive - Egyptian Ministry of Education\الكلية\3\2\task\C++\Final Project\Ehsan\Ehsan\Connection.h(58,54): warning C4566: character represented by universal-character-name '\u0641' cannot be represented in the current code page (1252)
  (compiling source file 'Main.cpp')
  
C:\Users\ahmoh\OneDrive - Egyptian Ministry of Education\الكلية\3\2\task\C++\Final Project\Ehsan\Ehsan\Connection.h(58,54): warning C4566: character represented by universal-character-name '\u0629' cannot be represented in the current code page (1252)
  (compiling source file 'Main.cpp')
  
C:\Users\ahmoh\OneDrive - Egyptian Ministry of Education\الكلية\3\2\task\C++\Final Project\Ehsan\Ehsan\Main.cpp(15,22): warning C4566: character represented by universal-character-name '\u0623' cannot be represented in the current code page (1252)
C:\Users\ahmoh\OneDrive - Egyptian Ministry of Education\الكلية\3\2\task\C++\Final Project\Ehsan\Ehsan\Main.cpp(15,22): warning C4566: character represented by universal-character-name '\u062D' cannot be represented in the current code page (1252)
C:\Users\ahmoh\OneDrive - Egyptian Ministry of Education\الكلية\3\2\task\C++\Final Project\Ehsan\Ehsan\Main.cpp(15,22): warning C4566: character represented by universal-character-name '\u0645' cannot be represented in the current code page (1252)
C:\Users\ahmoh\OneDrive - Egyptian Ministry of Education\الكلية\3\2\task\C++\Final Project\Ehsan\Ehsan\Main.cpp(15,22): warning C4566: character represented by universal-character-name '\u062F' cannot be represented in the current code page (1252)
C:\Users\ahmoh\OneDrive - Egyptian Ministry of Education\الكلية\3\2\task\C++\Final Project\Ehsan\Ehsan\Main.cpp(16,22): warning C4566: character represented by universal-character-name '\u062D' cannot be represented in the current code page (1252)
C:\Users\ahmoh\OneDrive - Egyptian Ministry of Education\الكلية\3\2\task\C++\Final Project\Ehsan\Ehsan\Main.cpp(16,22): warning C4566: character represented by universal-character-name '\u0633' cannot be represented in the current code page (1252)
C:\Users\ahmoh\OneDrive - Egyptian Ministry of Education\الكلية\3\2\task\C++\Final Project\Ehsan\Ehsan\Main.cpp(16,22): warning C4566: character represented by universal-character-name '\u0646' cannot be represented in the current code page (1252)
C:\Users\ahmoh\OneDrive - Egyptian Ministry of Education\الكلية\3\2\task\C++\Final Project\Ehsan\Ehsan\Main.cpp(20,21): warning C4566: character represented by universal-character-name '\u0627' cannot be represented in the current code page (1252)
C:\Users\ahmoh\OneDrive - Egyptian Ministry of Education\الكلية\3\2\task\C++\Final Project\Ehsan\Ehsan\Main.cpp(20,21): warning C4566: character represented by universal-character-name '\u0644' cannot be represented in the current code page (1252)
C:\Users\ahmoh\OneDrive - Egyptian Ministry of Education\الكلية\3\2\task\C++\Final Project\Ehsan\Ehsan\Main.cpp(20,21): warning C4566: character represented by universal-character-name '\u0645' cannot be represented in the current code page (1252)
C:\Users\ahmoh\OneDrive - Egyptian Ministry of Education\الكلية\3\2\task\C++\Final Project\Ehsan\Ehsan\Main.cpp(20,21): warning C4566: character represented by universal-character-name '\u0646' cannot be represented in the current code page (1252)
C:\Users\ahmoh\OneDrive - Egyptian Ministry of Education\الكلية\3\2\task\C++\Final Project\Ehsan\Ehsan\Main.cpp(20,21): warning C4566: character represented by universal-character-name '\u0635' cannot be represented in the current code page (1252)
C:\Users\ahmoh\OneDrive - Egyptian Ministry of Education\الكلية\3\2\task\C++\Final Project\Ehsan\Ehsan\Main.cpp(20,21): warning C4566: character represented by universal-character-name '\u0648' cannot be represented in the current code page (1252)
C:\Users\ahmoh\OneDrive - Egyptian Ministry of Education\الكلية\3\2\task\C++\Final Project\Ehsan\Ehsan\Main.cpp(20,21): warning C4566: character represented by universal-character-name '\u0631' cannot be represented in the current code page (1252)
C:\Users\ahmoh\OneDrive - Egyptian Ministry of Education\الكلية\3\2\task\C++\Final Project\Ehsan\Ehsan\Main.cpp(20,21): warning C4566: character represented by universal-character-name '\u0629' cannot be represented in the current code page (1252)
C:\Users\ahmoh\OneDrive - Egyptian Ministry of Education\الكلية\3\2\task\C++\Final Project\Ehsan\Ehsan\Main.cpp(22,30): warning C4566: character represented by universal-character-name '\u0623' cannot be represented in the current code page (1252)
C:\Users\ahmoh\OneDrive - Egyptian Ministry of Education\الكلية\3\2\task\C++\Final Project\Ehsan\Ehsan\Main.cpp(22,30): warning C4566: character represented by universal-character-name '\u0639' cannot be represented in the current code page (1252)
C:\Users\ahmoh\OneDrive - Egyptian Ministry of Education\الكلية\3\2\task\C++\Final Project\Ehsan\Ehsan\Main.cpp(22,30): warning C4566: character represented by universal-character-name '\u0632' cannot be represented in the current code page (1252)
C:\Users\ahmoh\OneDrive - Egyptian Ministry of Education\الكلية\3\2\task\C++\Final Project\Ehsan\Ehsan\Main.cpp(22,30): warning C4566: character represented by universal-character-name '\u0628' cannot be represented in the current code page (1252)
  Generating Code...
  Cases.obj : MSIL module encountered; incremental linking is disabled for MSIL; performing full link
  Ehsan.vcxproj -> C:\Users\ahmoh\OneDrive - Egyptian Ministry of Education\الكلية\3\2\task\C++\Final Project\Ehsan\x64\Debug\Ehsan.exe
